<?xml version="1.0" encoding="UTF-8"?>
<testng-results ignored="0" total="1" passed="1" failed="0" skipped="0">
  <reporter-output>
  </reporter-output>
  <suite started-at="2022-10-10T19:37:13 IST" name="Default suite" finished-at="2022-10-10T19:40:16 IST" duration-ms="182351">
    <groups>
    </groups>
    <test started-at="2022-10-10T19:37:13 IST" name="Default test" finished-at="2022-10-10T19:40:16 IST" duration-ms="182351">
      <class name="Com.Test.Test_VendorPOCreate">
        <test-method signature="purchase()[pri:0, instance:Com.Test.Test_VendorPOCreate@5b8dfcc1]" started-at="2022-10-10T19:37:14 IST" name="purchase" finished-at="2022-10-10T19:40:16 IST" duration-ms="182298" status="PASS">
          <reporter-output>
          </reporter-output>
        </test-method> <!-- purchase -->
      </class> <!-- Com.Test.Test_VendorPOCreate -->
    </test> <!-- Default test -->
  </suite> <!-- Default suite -->
</testng-results>
